Determining if the pthread_create exist failed with the following output:
Change Dir: /home/lyq/catkin_workspace/build/CMakeFiles/CMakeTmp

Run Build Command:"/usr/bin/make" "cmTC_467d7/fast"
/usr/bin/make -f CMakeFiles/cmTC_467d7.dir/build.make CMakeFiles/cmTC_467d7.dir/build
make[1]: Entering directory '/home/lyq/catkin_workspace/build/CMakeFiles/CMakeTmp'
Building C object CMakeFiles/cmTC_467d7.dir/CheckSymbolExists.c.o
/usr/bin/cc     -o CMakeFiles/cmTC_467d7.dir/CheckSymbolExists.c.o   -c /home/lyq/catkin_workspace/build/CMakeFiles/CMakeTmp/CheckSymbolExists.c
Linking C executable cmTC_467d7
/usr/bin/cmake -E cmake_link_script CMakeFiles/cmTC_467d7.dir/link.txt --verbose=1
/usr/bin/cc       CMakeFiles/cmTC_467d7.dir/CheckSymbolExists.c.o  -o cmTC_467d7 -rdynamic 
CMakeFiles/cmTC_467d7.dir/CheckSymbolExists.c.o：在函数‘main’中：
CheckSymbolExists.c:(.text+0x16)：对‘pthread_create’未定义的引用
collect2: error: ld returned 1 exit status
CMakeFiles/cmTC_467d7.dir/build.make:97: recipe for target 'cmTC_467d7' failed
make[1]: *** [cmTC_467d7] Error 1
make[1]: Leaving directory '/home/lyq/catkin_workspace/build/CMakeFiles/CMakeTmp'
Makefile:126: recipe for target 'cmTC_467d7/fast' failed
make: *** [cmTC_467d7/fast] Error 2

File /home/lyq/catkin_workspace/build/CMakeFiles/CMakeTmp/CheckSymbolExists.c:
/* */
#include <pthread.h>

int main(int argc, char** argv)
{
  (void)argv;
#ifndef pthread_create
  return ((int*)(&pthread_create))[argc];
#else
  (void)argc;
  return 0;
#endif
}

Determining if the function pthread_create exists in the pthreads failed with the following output:
Change Dir: /home/lyq/catkin_workspace/build/CMakeFiles/CMakeTmp

Run Build Command:"/usr/bin/make" "cmTC_e38fe/fast"
/usr/bin/make -f CMakeFiles/cmTC_e38fe.dir/build.make CMakeFiles/cmTC_e38fe.dir/build
make[1]: Entering directory '/home/lyq/catkin_workspace/build/CMakeFiles/CMakeTmp'
Building C object CMakeFiles/cmTC_e38fe.dir/CheckFunctionExists.c.o
/usr/bin/cc    -DCHECK_FUNCTION_EXISTS=pthread_create   -o CMakeFiles/cmTC_e38fe.dir/CheckFunctionExists.c.o   -c /usr/share/cmake-3.5/Modules/CheckFunctionExists.c
Linking C executable cmTC_e38fe
/usr/bin/cmake -E cmake_link_script CMakeFiles/cmTC_e38fe.dir/link.txt --verbose=1
/usr/bin/cc   -DCHECK_FUNCTION_EXISTS=pthread_create    CMakeFiles/cmTC_e38fe.dir/CheckFunctionExists.c.o  -o cmTC_e38fe -rdynamic -lpthreads 
/usr/bin/ld: 找不到 -lpthreads
collect2: error: ld returned 1 exit status
CMakeFiles/cmTC_e38fe.dir/build.make:97: recipe for target 'cmTC_e38fe' failed
make[1]: *** [cmTC_e38fe] Error 1
make[1]: Leaving directory '/home/lyq/catkin_workspace/build/CMakeFiles/CMakeTmp'
Makefile:126: recipe for target 'cmTC_e38fe/fast' failed
make: *** [cmTC_e38fe/fast] Error 2


